#
# There is insufficient memory for the Java Runtime Environment to continue.
# Native memory allocation (malloc) failed to allocate 161136 bytes for Chunk::new
# Possible reasons:
#   The system is out of physical RAM or swap space
#   The process is running with CompressedOops enabled, and the Java Heap may be blocking the growth of the native heap
# Possible solutions:
#   Reduce memory load on the system
#   Increase physical memory or swap space
#   Check if swap backing store is full
#   Decrease Java heap size (-Xmx/-Xms)
#   Decrease number of Java threads
#   Decrease Java thread stack sizes (-Xss)
#   Set larger code cache with -XX:ReservedCodeCacheSize=
#   JVM is running with Unscaled Compressed Oops mode in which the Java heap is
#     placed in the first 4GB address space. The Java Heap base address is the
#     maximum limit for the native heap growth. Please use -XX:HeapBaseMinAddress
#     to set the Java Heap base and to place the Java Heap above 4GB virtual address.
# This output file may be truncated or incomplete.
#
#  Out of Memory Error (arena.cpp:189), pid=6960, tid=23264
#
# JRE version: Java(TM) SE Runtime Environment (17.0+35) (build 17+35-LTS-2724)
# Java VM: Java HotSpot(TM) 64-Bit Server VM (17+35-LTS-2724, mixed mode, sharing, tiered, compressed oops, compressed class ptrs, g1 gc, windows-amd64)
# No core dump will be written. Minidumps are not enabled by default on client versions of Windows
#

---------------  S U M M A R Y ------------

Command Line: -Dfile.encoding=Cp1252 -XX:+ShowCodeDetailsInExceptionMessages ui3.Project4

Host: Intel(R) Core(TM) i5-8265U CPU @ 1.60GHz, 8 cores, 7G,  Windows 10 , 64 bit Build 19041 (10.0.19041.1566)
Time: Sat Mar 12 16:40:39 2022 Eastern Standard Time elapsed time: 0.462685 seconds (0d 0h 0m 0s)

---------------  T H R E A D  ---------------

Current thread (0x000001574ab9d0b0):  JavaThread "C2 CompilerThread0" daemon [_thread_in_native, id=23264, stack(0x0000005114c00000,0x0000005114d00000)]


Current CompileTask:
C2:    462  360   !   4       java.util.zip.ZipFile::getEntry (59 bytes)

Stack: [0x0000005114c00000,0x0000005114d00000]
Native frames: (J=compiled Java code, j=interpreted, Vv=VM code, C=native code)
V  [jvm.dll+0x66f8ea]
V  [jvm.dll+0x7ce224]
V  [jvm.dll+0x7cf9ce]
V  [jvm.dll+0x7d0033]
V  [jvm.dll+0x242bb5]
V  [jvm.dll+0xaa05b]
V  [jvm.dll+0xaa5ec]
V  [jvm.dll+0x2a954f]
V  [jvm.dll+0x5784b9]
V  [jvm.dll+0x21de2d]
V  [jvm.dll+0x21e20f]
V  [jvm.dll+0x217ada]
V  [jvm.dll+0x214fb5]
V  [jvm.dll+0x1a168d]
V  [jvm.dll+0x2248f8]
V  [jvm.dll+0x222a5c]
V  [jvm.dll+0x78422b]
V  [jvm.dll+0x77e7ea]
V  [jvm.dll+0x66e715]
C  [ucrtbase.dll+0x21bb2]
C  [KERNEL32.DLL+0x17034]
C  [ntdll.dll+0x52651]


---------------  P R O C E S S  ---------------

Threads class SMR info:
_java_thread_list=0x000001574b8d84a0, length=13, elements={
0x000001572cb4a910, 0x000001574ab72d30, 0x000001574ab753c0, 0x000001574ab89aa0,
0x000001574ab8b660, 0x000001574ab8e830, 0x000001574ab99210, 0x000001574ab9d0b0,
0x000001574abbd770, 0x000001574abc7d70, 0x000001574b8d0f80, 0x000001574b8dcb40,
0x000001574b8dd420
}

Java Threads: ( => current thread )
  0x000001572cb4a910 JavaThread "main" [_thread_in_vm, id=26552, stack(0x0000005113f00000,0x0000005114000000)]
  0x000001574ab72d30 JavaThread "Reference Handler" daemon [_thread_blocked, id=32908, stack(0x0000005114600000,0x0000005114700000)]
  0x000001574ab753c0 JavaThread "Finalizer" daemon [_thread_blocked, id=9900, stack(0x0000005114700000,0x0000005114800000)]
  0x000001574ab89aa0 JavaThread "Signal Dispatcher" daemon [_thread_blocked, id=32220, stack(0x0000005114800000,0x0000005114900000)]
  0x000001574ab8b660 JavaThread "Attach Listener" daemon [_thread_blocked, id=13264, stack(0x0000005114900000,0x0000005114a00000)]
  0x000001574ab8e830 JavaThread "Service Thread" daemon [_thread_blocked, id=10664, stack(0x0000005114a00000,0x0000005114b00000)]
  0x000001574ab99210 JavaThread "Monitor Deflation Thread" daemon [_thread_blocked, id=3512, stack(0x0000005114b00000,0x0000005114c00000)]
=>0x000001574ab9d0b0 JavaThread "C2 CompilerThread0" daemon [_thread_in_native, id=23264, stack(0x0000005114c00000,0x0000005114d00000)]
  0x000001574abbd770 JavaThread "C1 CompilerThread0" daemon [_thread_blocked, id=3768, stack(0x0000005114d00000,0x0000005114e00000)]
  0x000001574abc7d70 JavaThread "Sweeper thread" daemon [_thread_blocked, id=26404, stack(0x0000005114e00000,0x0000005114f00000)]
  0x000001574b8d0f80 JavaThread "Notification Thread" daemon [_thread_blocked, id=10220, stack(0x0000005114f00000,0x0000005115000000)]
  0x000001574b8dcb40 JavaThread "Common-Cleaner" daemon [_thread_blocked, id=31840, stack(0x0000005115100000,0x0000005115200000)]
  0x000001574b8dd420 JavaThread "C2 CompilerThread1" daemon [_thread_blocked, id=30892, stack(0x0000005115200000,0x0000005115300000)]

Other Threads:
  0x000001574ab6ed40 VMThread "VM Thread" [stack: 0x0000005114500000,0x0000005114600000] [id=32348]
  0x000001574b8d4ab0 WatcherThread [stack: 0x0000005115000000,0x0000005115100000] [id=14236]
  0x000001572cb86e50 GCTaskThread "GC Thread#0" [stack: 0x0000005114000000,0x0000005114100000] [id=33116]
  0x000001572cb99180 ConcurrentGCThread "G1 Main Marker" [stack: 0x0000005114100000,0x0000005114200000] [id=20064]
  0x000001572cb99b90 ConcurrentGCThread "G1 Conc#0" [stack: 0x0000005114200000,0x0000005114300000] [id=33000]
  0x000001574aa30090 ConcurrentGCThread "G1 Refine#0" [stack: 0x0000005114300000,0x0000005114400000] [id=29484]
  0x000001574aa30ab0 ConcurrentGCThread "G1 Service" [stack: 0x0000005114400000,0x0000005114500000] [id=33344]

Threads with active compile tasks:
C2 CompilerThread0      483  360   !   4       java.util.zip.ZipFile::getEntry (59 bytes)

VM state: not at safepoint (normal execution)

VM Mutex/Monitor currently owned by a thread:  ([mutex/lock_event])
[0x000001572cb46660] Metaspace_lock - owner thread: 0x000001572cb4a910

Heap address: 0x0000000081e00000, size: 2018 MB, Compressed Oops mode: 32-bit

CDS archive(s) mapped at: [0x0000000800000000-0x0000000800bc0000-0x0000000800bc0000), size 12320768, SharedBaseAddress: 0x0000000800000000, ArchiveRelocationMode: 0.
Compressed class space mapped at: 0x0000000800c00000-0x0000000840c00000, reserved size: 1073741824
Narrow klass base: 0x0000000800000000, Narrow klass shift: 0, Narrow klass range: 0x100000000

GC Precious Log:
 CPUs: 8 total, 8 available
 Memory: 8064M
 Large Page Support: Disabled
 NUMA Support: Disabled
 Compressed Oops: Enabled (32-bit)
 Heap Region Size: 1M
 Heap Min Capacity: 8M
 Heap Initial Capacity: 128M
 Heap Max Capacity: 2018M
 Pre-touch: Disabled
 Parallel Workers: 8
 Concurrent Workers: 2
 Concurrent Refinement Workers: 8
 Periodic GC: Disabled

Heap:
 garbage-first heap   total 131072K, used 7168K [0x0000000081e00000, 0x0000000100000000)
  region size 1024K, 8 young (8192K), 0 survivors (0K)
 Metaspace       used 1484K, committed 1664K, reserved 1056768K
  class space    used 150K, committed 256K, reserved 1048576K

Heap Regions: E=young(eden), S=young(survivor), O=old, HS=humongous(starts), HC=humongous(continues), CS=collection set, F=free, OA=open archive, CA=closed archive, TAMS=top-at-mark-start (previous, next)
|   0|0x0000000081e00000, 0x0000000081e00000, 0x0000000081f00000|  0%| F|  |TAMS 0x0000000081e00000, 0x0000000081e00000| Untracked 
|   1|0x0000000081f00000, 0x0000000081f00000, 0x0000000082000000|  0%| F|  |TAMS 0x0000000081f00000, 0x0000000081f00000| Untracked 
|   2|0x0000000082000000, 0x0000000082000000, 0x0000000082100000|  0%| F|  |TAMS 0x0000000082000000, 0x0000000082000000| Untracked 
|   3|0x0000000082100000, 0x0000000082100000, 0x0000000082200000|  0%| F|  |TAMS 0x0000000082100000, 0x0000000082100000| Untracked 
|   4|0x0000000082200000, 0x0000000082200000, 0x0000000082300000|  0%| F|  |TAMS 0x0000000082200000, 0x0000000082200000| Untracked 
|   5|0x0000000082300000, 0x0000000082300000, 0x0000000082400000|  0%| F|  |TAMS 0x0000000082300000, 0x0000000082300000| Untracked 
|   6|0x0000000082400000, 0x0000000082400000, 0x0000000082500000|  0%| F|  |TAMS 0x0000000082400000, 0x0000000082400000| Untracked 
|   7|0x0000000082500000, 0x0000000082500000, 0x0000000082600000|  0%| F|  |TAMS 0x0000000082500000, 0x0000000082500000| Untracked 
|   8|0x0000000082600000, 0x0000000082600000, 0x0000000082700000|  0%| F|  |TAMS 0x0000000082600000, 0x0000000082600000| Untracked 
|   9|0x0000000082700000, 0x0000000082700000, 0x0000000082800000|  0%| F|  |TAMS 0x0000000082700000, 0x0000000082700000| Untracked 
|  10|0x0000000082800000, 0x0000000082800000, 0x0000000082900000|  0%| F|  |TAMS 0x0000000082800000, 0x0000000082800000| Untracked 
|  11|0x0000000082900000, 0x0000000082900000, 0x0000000082a00000|  0%| F|  |TAMS 0x0000000082900000, 0x0000000082900000| Untracked 
|  12|0x0000000082a00000, 0x0000000082a00000, 0x0000000082b00000|  0%| F|  |TAMS 0x0000000082a00000, 0x0000000082a00000| Untracked 
|  13|0x0000000082b00000, 0x0000000082b00000, 0x0000000082c00000|  0%| F|  |TAMS 0x0000000082b00000, 0x0000000082b00000| Untracked 
|  14|0x0000000082c00000, 0x0000000082c00000, 0x0000000082d00000|  0%| F|  |TAMS 0x0000000082c00000, 0x0000000082c00000| Untracked 
|  15|0x0000000082d00000, 0x0000000082d00000, 0x0000000082e00000|  0%| F|  |TAMS 0x0000000082d00000, 0x0000000082d00000| Untracked 
|  16|0x0000000082e00000, 0x0000000082e00000, 0x0000000082f00000|  0%| F|  |TAMS 0x0000000082e00000, 0x0000000082e00000| Untracked 
|  17|0x0000000082f00000, 0x0000000082f00000, 0x0000000083000000|  0%| F|  |TAMS 0x0000000082f00000, 0x0000000082f00000| Untracked 
|  18|0x0000000083000000, 0x0000000083000000, 0x0000000083100000|  0%| F|  |TAMS 0x0000000083000000, 0x0000000083000000| Untracked 
|  19|0x0000000083100000, 0x0000000083100000, 0x0000000083200000|  0%| F|  |TAMS 0x0000000083100000, 0x0000000083100000| Untracked 
|  20|0x0000000083200000, 0x0000000083200000, 0x0000000083300000|  0%| F|  |TAMS 0x0000000083200000, 0x0000000083200000| Untracked 
|  21|0x0000000083300000, 0x0000000083300000, 0x0000000083400000|  0%| F|  |TAMS 0x0000000083300000, 0x0000000083300000| Untracked 
|  22|0x0000000083400000, 0x0000000083400000, 0x0000000083500000|  0%| F|  |TAMS 0x0000000083400000, 0x0000000083400000| Untracked 
|  23|0x0000000083500000, 0x0000000083500000, 0x0000000083600000|  0%| F|  |TAMS 0x0000000083500000, 0x0000000083500000| Untracked 
|  24|0x0000000083600000, 0x0000000083600000, 0x0000000083700000|  0%| F|  |TAMS 0x0000000083600000, 0x0000000083600000| Untracked 
|  25|0x0000000083700000, 0x0000000083700000, 0x0000000083800000|  0%| F|  |TAMS 0x0000000083700000, 0x0000000083700000| Untracked 
|  26|0x0000000083800000, 0x0000000083800000, 0x0000000083900000|  0%| F|  |TAMS 0x0000000083800000, 0x0000000083800000| Untracked 
|  27|0x0000000083900000, 0x0000000083900000, 0x0000000083a00000|  0%| F|  |TAMS 0x0000000083900000, 0x0000000083900000| Untracked 
|  28|0x0000000083a00000, 0x0000000083a00000, 0x0000000083b00000|  0%| F|  |TAMS 0x0000000083a00000, 0x0000000083a00000| Untracked 
|  29|0x0000000083b00000, 0x0000000083b00000, 0x0000000083c00000|  0%| F|  |TAMS 0x0000000083b00000, 0x0000000083b00000| Untracked 
|  30|0x0000000083c00000, 0x0000000083c00000, 0x0000000083d00000|  0%| F|  |TAMS 0x0000000083c00000, 0x0000000083c00000| Untracked 
|  31|0x0000000083d00000, 0x0000000083d00000, 0x0000000083e00000|  0%| F|  |TAMS 0x0000000083d00000, 0x0000000083d00000| Untracked 
|  32|0x0000000083e00000, 0x0000000083e00000, 0x0000000083f00000|  0%| F|  |TAMS 0x0000000083e00000, 0x0000000083e00000| Untracked 
|  33|0x0000000083f00000, 0x0000000083f00000, 0x0000000084000000|  0%| F|  |TAMS 0x0000000083f00000, 0x0000000083f00000| Untracked 
|  34|0x0000000084000000, 0x0000000084000000, 0x0000000084100000|  0%| F|  |TAMS 0x0000000084000000, 0x0000000084000000| Untracked 
|  35|0x0000000084100000, 0x0000000084100000, 0x0000000084200000|  0%| F|  |TAMS 0x0000000084100000, 0x0000000084100000| Untracked 
|  36|0x0000000084200000, 0x0000000084200000, 0x0000000084300000|  0%| F|  |TAMS 0x0000000084200000, 0x0000000084200000| Untracked 
|  37|0x0000000084300000, 0x0000000084300000, 0x0000000084400000|  0%| F|  |TAMS 0x0000000084300000, 0x0000000084300000| Untracked 
|  38|0x0000000084400000, 0x0000000084400000, 0x0000000084500000|  0%| F|  |TAMS 0x0000000084400000, 0x0000000084400000| Untracked 
|  39|0x0000000084500000, 0x0000000084500000, 0x0000000084600000|  0%| F|  |TAMS 0x0000000084500000, 0x0000000084500000| Untracked 
|  40|0x0000000084600000, 0x0000000084600000, 0x0000000084700000|  0%| F|  |TAMS 0x0000000084600000, 0x0000000084600000| Untracked 
|  41|0x0000000084700000, 0x0000000084700000, 0x0000000084800000|  0%| F|  |TAMS 0x0000000084700000, 0x0000000084700000| Untracked 
|  42|0x0000000084800000, 0x0000000084800000, 0x0000000084900000|  0%| F|  |TAMS 0x0000000084800000, 0x0000000084800000| Untracked 
|  43|0x0000000084900000, 0x0000000084900000, 0x0000000084a00000|  0%| F|  |TAMS 0x0000000084900000, 0x0000000084900000| Untracked 
|  44|0x0000000084a00000, 0x0000000084a00000, 0x0000000084b00000|  0%| F|  |TAMS 0x0000000084a00000, 0x0000000084a00000| Untracked 
|  45|0x0000000084b00000, 0x0000000084b00000, 0x0000000084c00000|  0%| F|  |TAMS 0x0000000084b00000, 0x0000000084b00000| Untracked 
|  46|0x0000000084c00000, 0x0000000084c00000, 0x0000000084d00000|  0%| F|  |TAMS 0x0000000084c00000, 0x0000000084c00000| Untracked 
|  47|0x0000000084d00000, 0x0000000084d00000, 0x0000000084e00000|  0%| F|  |TAMS 0x0000000084d00000, 0x0000000084d00000| Untracked 
|  48|0x0000000084e00000, 0x0000000084e00000, 0x0000000084f00000|  0%| F|  |TAMS 0x0000000084e00000, 0x0000000084e00000| Untracked 
|  49|0x0000000084f00000, 0x0000000084f00000, 0x0000000085000000|  0%| F|  |TAMS 0x0000000084f00000, 0x0000000084f00000| Untracked 
|  50|0x0000000085000000, 0x0000000085000000, 0x0000000085100000|  0%| F|  |TAMS 0x0000000085000000, 0x0000000085000000| Untracked 
|  51|0x0000000085100000, 0x0000000085100000, 0x0000000085200000|  0%| F|  |TAMS 0x0000000085100000, 0x0000000085100000| Untracked 
|  52|0x0000000085200000, 0x0000000085200000, 0x0000000085300000|  0%| F|  |TAMS 0x0000000085200000, 0x0000000085200000| Untracked 
|  53|0x0000000085300000, 0x0000000085300000, 0x0000000085400000|  0%| F|  |TAMS 0x0000000085300000, 0x0000000085300000| Untracked 
|  54|0x0000000085400000, 0x0000000085400000, 0x0000000085500000|  0%| F|  |TAMS 0x0000000085400000, 0x0000000085400000| Untracked 
|  55|0x0000000085500000, 0x0000000085500000, 0x0000000085600000|  0%| F|  |TAMS 0x0000000085500000, 0x0000000085500000| Untracked 
|  56|0x0000000085600000, 0x0000000085600000, 0x0000000085700000|  0%| F|  |TAMS 0x0000000085600000, 0x0000000085600000| Untracked 
|  57|0x0000000085700000, 0x0000000085700000, 0x0000000085800000|  0%| F|  |TAMS 0x0000000085700000, 0x0000000085700000| Untracked 
|  58|0x0000000085800000, 0x0000000085800000, 0x0000000085900000|  0%| F|  |TAMS 0x0000000085800000, 0x0000000085800000| Untracked 
|  59|0x0000000085900000, 0x0000000085900000, 0x0000000085a00000|  0%| F|  |TAMS 0x0000000085900000, 0x0000000085900000| Untracked 
|  60|0x0000000085a00000, 0x0000000085a00000, 0x0000000085b00000|  0%| F|  |TAMS 0x0000000085a00000, 0x0000000085a00000| Untracked 
|  61|0x0000000085b00000, 0x0000000085b00000, 0x0000000085c00000|  0%| F|  |TAMS 0x0000000085b00000, 0x0000000085b00000| Untracked 
|  62|0x0000000085c00000, 0x0000000085c00000, 0x0000000085d00000|  0%| F|  |TAMS 0x0000000085c00000, 0x0000000085c00000| Untracked 
|  63|0x0000000085d00000, 0x0000000085d00000, 0x0000000085e00000|  0%| F|  |TAMS 0x0000000085d00000, 0x0000000085d00000| Untracked 
|  64|0x0000000085e00000, 0x0000000085e00000, 0x0000000085f00000|  0%| F|  |TAMS 0x0000000085e00000, 0x0000000085e00000| Untracked 
|  65|0x0000000085f00000, 0x0000000085f00000, 0x0000000086000000|  0%| F|  |TAMS 0x0000000085f00000, 0x0000000085f00000| Untracked 
|  66|0x0000000086000000, 0x0000000086000000, 0x0000000086100000|  0%| F|  |TAMS 0x0000000086000000, 0x0000000086000000| Untracked 
|  67|0x0000000086100000, 0x0000000086100000, 0x0000000086200000|  0%| F|  |TAMS 0x0000000086100000, 0x0000000086100000| Untracked 
|  68|0x0000000086200000, 0x0000000086200000, 0x0000000086300000|  0%| F|  |TAMS 0x0000000086200000, 0x0000000086200000| Untracked 
|  69|0x0000000086300000, 0x0000000086300000, 0x0000000086400000|  0%| F|  |TAMS 0x0000000086300000, 0x0000000086300000| Untracked 
|  70|0x0000000086400000, 0x0000000086400000, 0x0000000086500000|  0%| F|  |TAMS 0x0000000086400000, 0x0000000086400000| Untracked 
|  71|0x0000000086500000, 0x0000000086500000, 0x0000000086600000|  0%| F|  |TAMS 0x0000000086500000, 0x0000000086500000| Untracked 
|  72|0x0000000086600000, 0x0000000086600000, 0x0000000086700000|  0%| F|  |TAMS 0x0000000086600000, 0x0000000086600000| Untracked 
|  73|0x0000000086700000, 0x0000000086700000, 0x0000000086800000|  0%| F|  |TAMS 0x0000000086700000, 0x0000000086700000| Untracked 
|  74|0x0000000086800000, 0x0000000086800000, 0x0000000086900000|  0%| F|  |TAMS 0x0000000086800000, 0x0000000086800000| Untracked 
|  75|0x0000000086900000, 0x0000000086900000, 0x0000000086a00000|  0%| F|  |TAMS 0x0000000086900000, 0x0000000086900000| Untracked 
|  76|0x0000000086a00000, 0x0000000086a00000, 0x0000000086b00000|  0%| F|  |TAMS 0x0000000086a00000, 0x0000000086a00000| Untracked 
|  77|0x0000000086b00000, 0x0000000086b00000, 0x0000000086c00000|  0%| F|  |TAMS 0x0000000086b00000, 0x0000000086b00000| Untracked 
|  78|0x0000000086c00000, 0x0000000086c00000, 0x0000000086d00000|  0%| F|  |TAMS 0x0000000086c00000, 0x0000000086c00000| Untracked 
|  79|0x0000000086d00000, 0x0000000086d00000, 0x0000000086e00000|  0%| F|  |TAMS 0x0000000086d00000, 0x0000000086d00000| Untracked 
|  80|0x0000000086e00000, 0x0000000086e00000, 0x0000000086f00000|  0%| F|  |TAMS 0x0000000086e00000, 0x0000000086e00000| Untracked 
|  81|0x0000000086f00000, 0x0000000086f00000, 0x0000000087000000|  0%| F|  |TAMS 0x0000000086f00000, 0x0000000086f00000| Untracked 
|  82|0x0000000087000000, 0x0000000087000000, 0x0000000087100000|  0%| F|  |TAMS 0x0000000087000000, 0x0000000087000000| Untracked 
|  83|0x0000000087100000, 0x0000000087100000, 0x0000000087200000|  0%| F|  |TAMS 0x0000000087100000, 0x0000000087100000| Untracked 
|  84|0x0000000087200000, 0x0000000087200000, 0x0000000087300000|  0%| F|  |TAMS 0x0000000087200000, 0x0000000087200000| Untracked 
|  85|0x0000000087300000, 0x0000000087300000, 0x0000000087400000|  0%| F|  |TAMS 0x0000000087300000, 0x0000000087300000| Untracked 
|  86|0x0000000087400000, 0x0000000087400000, 0x0000000087500000|  0%| F|  |TAMS 0x0000000087400000, 0x0000000087400000| Untracked 
|  87|0x0000000087500000, 0x0000000087500000, 0x0000000087600000|  0%| F|  |TAMS 0x0000000087500000, 0x0000000087500000| Untracked 
|  88|0x0000000087600000, 0x0000000087600000, 0x0000000087700000|  0%| F|  |TAMS 0x0000000087600000, 0x0000000087600000| Untracked 
|  89|0x0000000087700000, 0x0000000087700000, 0x0000000087800000|  0%| F|  |TAMS 0x0000000087700000, 0x0000000087700000| Untracked 
|  90|0x0000000087800000, 0x0000000087800000, 0x0000000087900000|  0%| F|  |TAMS 0x0000000087800000, 0x0000000087800000| Untracked 
|  91|0x0000000087900000, 0x0000000087900000, 0x0000000087a00000|  0%| F|  |TAMS 0x0000000087900000, 0x0000000087900000| Untracked 
|  92|0x0000000087a00000, 0x0000000087a00000, 0x0000000087b00000|  0%| F|  |TAMS 0x0000000087a00000, 0x0000000087a00000| Untracked 
|  93|0x0000000087b00000, 0x0000000087b00000, 0x0000000087c00000|  0%| F|  |TAMS 0x0000000087b00000, 0x0000000087b00000| Untracked 
|  94|0x0000000087c00000, 0x0000000087c00000, 0x0000000087d00000|  0%| F|  |TAMS 0x0000000087c00000, 0x0000000087c00000| Untracked 
|  95|0x0000000087d00000, 0x0000000087d00000, 0x0000000087e00000|  0%| F|  |TAMS 0x0000000087d00000, 0x0000000087d00000| Untracked 
|  96|0x0000000087e00000, 0x0000000087e00000, 0x0000000087f00000|  0%| F|  |TAMS 0x0000000087e00000, 0x0000000087e00000| Untracked 
|  97|0x0000000087f00000, 0x0000000087f00000, 0x0000000088000000|  0%| F|  |TAMS 0x0000000087f00000, 0x0000000087f00000| Untracked 
|  98|0x0000000088000000, 0x0000000088000000, 0x0000000088100000|  0%| F|  |TAMS 0x0000000088000000, 0x0000000088000000| Untracked 
|  99|0x0000000088100000, 0x0000000088100000, 0x0000000088200000|  0%| F|  |TAMS 0x0000000088100000, 0x0000000088100000| Untracked 
| 100|0x0000000088200000, 0x0000000088200000, 0x0000000088300000|  0%| F|  |TAMS 0x0000000088200000, 0x0000000088200000| Untracked 
| 101|0x0000000088300000, 0x0000000088300000, 0x0000000088400000|  0%| F|  |TAMS 0x0000000088300000, 0x0000000088300000| Untracked 
| 102|0x0000000088400000, 0x0000000088400000, 0x0000000088500000|  0%| F|  |TAMS 0x0000000088400000, 0x0000000088400000| Untracked 
| 103|0x0000000088500000, 0x0000000088500000, 0x0000000088600000|  0%| F|  |TAMS 0x0000000088500000, 0x0000000088500000| Untracked 
| 104|0x0000000088600000, 0x0000000088600000, 0x0000000088700000|  0%| F|  |TAMS 0x0000000088600000, 0x0000000088600000| Untracked 
| 105|0x0000000088700000, 0x0000000088700000, 0x0000000088800000|  0%| F|  |TAMS 0x0000000088700000, 0x0000000088700000| Untracked 
| 106|0x0000000088800000, 0x0000000088800000, 0x0000000088900000|  0%| F|  |TAMS 0x0000000088800000, 0x0000000088800000| Untracked 
| 107|0x0000000088900000, 0x0000000088900000, 0x0000000088a00000|  0%| F|  |TAMS 0x0000000088900000, 0x0000000088900000| Untracked 
| 108|0x0000000088a00000, 0x0000000088a00000, 0x0000000088b00000|  0%| F|  |TAMS 0x0000000088a00000, 0x0000000088a00000| Untracked 
| 109|0x0000000088b00000, 0x0000000088b00000, 0x0000000088c00000|  0%| F|  |TAMS 0x0000000088b00000, 0x0000000088b00000| Untracked 
| 110|0x0000000088c00000, 0x0000000088c00000, 0x0000000088d00000|  0%| F|  |TAMS 0x0000000088c00000, 0x0000000088c00000| Untracked 
| 111|0x0000000088d00000, 0x0000000088d00000, 0x0000000088e00000|  0%| F|  |TAMS 0x0000000088d00000, 0x0000000088d00000| Untracked 
| 112|0x0000000088e00000, 0x0000000088e00000, 0x0000000088f00000|  0%| F|  |TAMS 0x0000000088e00000, 0x0000000088e00000| Untracked 
| 113|0x0000000088f00000, 0x0000000088f00000, 0x0000000089000000|  0%| F|  |TAMS 0x0000000088f00000, 0x0000000088f00000| Untracked 
| 114|0x0000000089000000, 0x0000000089000000, 0x0000000089100000|  0%| F|  |TAMS 0x0000000089000000, 0x0000000089000000| Untracked 
| 115|0x0000000089100000, 0x0000000089100000, 0x0000000089200000|  0%| F|  |TAMS 0x0000000089100000, 0x0000000089100000| Untracked 
| 116|0x0000000089200000, 0x0000000089200000, 0x0000000089300000|  0%| F|  |TAMS 0x0000000089200000, 0x0000000089200000| Untracked 
| 117|0x0000000089300000, 0x0000000089300000, 0x0000000089400000|  0%| F|  |TAMS 0x0000000089300000, 0x0000000089300000| Untracked 
| 118|0x0000000089400000, 0x0000000089400000, 0x0000000089500000|  0%| F|  |TAMS 0x0000000089400000, 0x0000000089400000| Untracked 
| 119|0x0000000089500000, 0x0000000089500000, 0x0000000089600000|  0%| F|  |TAMS 0x0000000089500000, 0x0000000089500000| Untracked 
| 120|0x0000000089600000, 0x0000000089676460, 0x0000000089700000| 46%| E|  |TAMS 0x0000000089600000, 0x0000000089600000| Complete 
| 121|0x0000000089700000, 0x0000000089800000, 0x0000000089800000|100%| E|CS|TAMS 0x0000000089700000, 0x0000000089700000| Complete 
| 122|0x0000000089800000, 0x0000000089900000, 0x0000000089900000|100%| E|CS|TAMS 0x0000000089800000, 0x0000000089800000| Complete 
| 123|0x0000000089900000, 0x0000000089a00000, 0x0000000089a00000|100%| E|CS|TAMS 0x0000000089900000, 0x0000000089900000| Complete 
| 124|0x0000000089a00000, 0x0000000089b00000, 0x0000000089b00000|100%| E|CS|TAMS 0x0000000089a00000, 0x0000000089a00000| Complete 
| 125|0x0000000089b00000, 0x0000000089c00000, 0x0000000089c00000|100%| E|CS|TAMS 0x0000000089b00000, 0x0000000089b00000| Complete 
| 126|0x0000000089c00000, 0x0000000089d00000, 0x0000000089d00000|100%| E|CS|TAMS 0x0000000089c00000, 0x0000000089c00000| Complete 
| 127|0x0000000089d00000, 0x0000000089e00000, 0x0000000089e00000|100%| E|CS|TAMS 0x0000000089d00000, 0x0000000089d00000| Complete 

Card table byte_map: [0x0000015743a80000,0x0000015743e80000] _byte_map_base: 0x0000015743671000

Marking Bits (Prev, Next): (CMBitMap*) 0x000001572cb88470, (CMBitMap*) 0x000001572cb884b0
 Prev Bits: [0x0000015744280000, 0x0000015746208000)
 Next Bits: [0x0000015746210000, 0x0000015748198000)

Polling page: 0x000001572aa40000

Metaspace:

Usage:
  Non-class:      1.30 MB used.
      Class:    150.72 KB used.
       Both:      1.45 MB used.

Virtual space:
  Non-class space:        8.00 MB reserved,       1.38 MB ( 17%) committed,  1 nodes.
      Class space:        1.00 GB reserved,     256.00 KB ( <1%) committed,  1 nodes.
             Both:        1.01 GB reserved,       1.62 MB ( <1%) committed. 

Chunk freelists:
   Non-Class:  3.68 MB
       Class:  3.68 MB
        Both:  7.37 MB

MaxMetaspaceSize: unlimited
CompressedClassSpaceSize: 1.00 GB
Initial GC threshold: 21.00 MB
Current GC threshold: 21.00 MB
CDS: on
MetaspaceReclaimPolicy: balanced
 - commit_granule_bytes: 65536.
 - commit_granule_words: 8192.
 - virtual_space_node_default_size: 1048576.
 - enlarge_chunks_in_place: 1.
 - new_chunks_are_fully_committed: 0.
 - uncommit_free_chunks: 1.
 - use_allocation_guard: 0.
 - handle_deallocations: 1.


Internal statistics:

num_allocs_failed_limit: 0.
num_arena_births: 10.
num_arena_deaths: 0.
num_vsnodes_births: 2.
num_vsnodes_deaths: 0.
num_space_committed: 26.
num_space_uncommitted: 0.
num_chunks_returned_to_freelist: 0.
num_chunks_taken_from_freelist: 28.
num_chunk_merges: 0.
num_chunk_splits: 21.
num_chunks_enlarged: 17.
num_purges: 0.
num_inconsistent_stats: 0.

CodeHeap 'non-profiled nmethods': size=120000Kb used=132Kb max_used=132Kb free=119867Kb
 bounds [0x000001573be20000, 0x000001573c090000, 0x0000015743350000]
CodeHeap 'profiled nmethods': size=120000Kb used=639Kb max_used=639Kb free=119360Kb
 bounds [0x00000157348f0000, 0x0000015734b60000, 0x000001573be20000]
CodeHeap 'non-nmethods': size=5760Kb used=1099Kb max_used=1114Kb free=4660Kb
 bounds [0x0000015734350000, 0x00000157345c0000, 0x00000157348f0000]
 total_blobs=784 nmethods=411 adapters=286
 compilation: enabled
              stopped_count=0, restarted_count=0
 full_count=0

Compilation events (20 events):
Event: 0.451 Thread 0x000001574abbd770 nmethod 348 0x000001573497bd10 code [0x000001573497bec0, 0x000001573497c148]
Event: 0.452 Thread 0x000001574abbd770  349       1       java.lang.module.ModuleDescriptor::isOpen (5 bytes)
Event: 0.452 Thread 0x000001574abbd770 nmethod 349 0x000001573be38a10 code [0x000001573be38ba0, 0x000001573be38c78]
Event: 0.454 Thread 0x000001574b8dd420 nmethod 344 0x000001573be39010 code [0x000001573be391a0, 0x000001573be394e8]
Event: 0.454 Thread 0x000001574abbd770  353       1       java.lang.Class::getClassLoader0 (5 bytes)
Event: 0.454 Thread 0x000001574abbd770 nmethod 353 0x000001573be39d90 code [0x000001573be39f20, 0x000001573be39ff8]
Event: 0.454 Thread 0x000001574ab9d0b0 nmethod 342 0x000001573be3a090 code [0x000001573be3a240, 0x000001573be3a908]
Event: 0.454 Thread 0x000001574abbd770  354       1       java.lang.Enum::ordinal (5 bytes)
Event: 0.454 Thread 0x000001574abbd770 nmethod 354 0x000001573be3ad10 code [0x000001573be3aea0, 0x000001573be3af78]
Event: 0.456 Thread 0x000001574ab9d0b0  360   !   4       java.util.zip.ZipFile::getEntry (59 bytes)
Event: 0.456 Thread 0x000001574abbd770  361       3       java.lang.String::startsWith (138 bytes)
Event: 0.456 Thread 0x000001574b8dd420  362   !   4       jdk.internal.loader.URLClassPath$JarLoader::ensureOpen (36 bytes)
Event: 0.456 Thread 0x000001574abbd770 nmethod 361 0x000001573497c290 code [0x000001573497c4a0, 0x000001573497cd38]
Event: 0.456 Thread 0x000001574abbd770  364   !   3       java.net.URL::<init> (543 bytes)
Event: 0.457 Thread 0x000001574b8dd420 nmethod 362 0x000001573be3c310 code [0x000001573be3c4a0, 0x000001573be3c5e8]
Event: 0.460 Thread 0x000001574abbd770 nmethod 364 0x000001573497d010 code [0x000001573497d6c0, 0x0000015734981148]
Event: 0.460 Thread 0x000001574abbd770  367       1       java.lang.invoke.MethodType::returnType (5 bytes)
Event: 0.460 Thread 0x000001574abbd770 nmethod 367 0x000001573be3d090 code [0x000001573be3d220, 0x000001573be3d2f8]
Event: 0.460 Thread 0x000001574abbd770  363       3       java.net.URL::<init> (8 bytes)
Event: 0.460 Thread 0x000001574abbd770 nmethod 363 0x0000015734983290 code [0x0000015734983440, 0x0000015734983588]

GC Heap History (0 events):
No events

Deoptimization events (20 events):
Event: 0.299 Thread 0x000001572cb4a910 Uncommon trap: trap_request=0xffffff45 fr.pc=0x000001573be24a20 relative=0x0000000000000300
Event: 0.299 Thread 0x000001572cb4a910 Uncommon trap: reason=unstable_if action=reinterpret pc=0x000001573be24a20 method=java.util.zip.ZipCoder$UTF8ZipCoder.checkedHash([BII)I @ 75 c2
Event: 0.299 Thread 0x000001572cb4a910 DEOPT PACKING pc=0x000001573be24a20 sp=0x0000005113ff9de0
Event: 0.299 Thread 0x000001572cb4a910 DEOPT UNPACKING pc=0x00000157343a23a3 sp=0x0000005113ff9d50 mode 2
Event: 0.355 Thread 0x000001572cb4a910 DEOPT PACKING pc=0x0000015734907167 sp=0x0000005113ffd580
Event: 0.355 Thread 0x000001572cb4a910 DEOPT UNPACKING pc=0x00000157343a2b43 sp=0x0000005113ffc9a0 mode 0
Event: 0.364 Thread 0x000001572cb4a910 DEOPT PACKING pc=0x00000157348f7cd1 sp=0x0000005113ffd950
Event: 0.364 Thread 0x000001572cb4a910 DEOPT UNPACKING pc=0x00000157343a2b43 sp=0x0000005113ffcdc8 mode 0
Event: 0.433 Thread 0x000001572cb4a910 Uncommon trap: trap_request=0xffffff45 fr.pc=0x000001573be28a64 relative=0x0000000000000064
Event: 0.433 Thread 0x000001572cb4a910 Uncommon trap: reason=unstable_if action=reinterpret pc=0x000001573be28a64 method=java.io.WinNTFileSystem.isSlash(C)Z @ 9 c2
Event: 0.433 Thread 0x000001572cb4a910 DEOPT PACKING pc=0x000001573be28a64 sp=0x0000005113ffc5b0
Event: 0.433 Thread 0x000001572cb4a910 DEOPT UNPACKING pc=0x00000157343a23a3 sp=0x0000005113ffc538 mode 2
Event: 0.442 Thread 0x000001572cb4a910 DEOPT PACKING pc=0x00000157349160e5 sp=0x0000005113ff7560
Event: 0.442 Thread 0x000001572cb4a910 DEOPT UNPACKING pc=0x00000157343a2b43 sp=0x0000005113ff69b0 mode 0
Event: 0.446 Thread 0x000001572cb4a910 DEOPT PACKING pc=0x00000157349160e5 sp=0x0000005113ff7560
Event: 0.446 Thread 0x000001572cb4a910 DEOPT UNPACKING pc=0x00000157343a2b43 sp=0x0000005113ff69b0 mode 0
Event: 0.450 Thread 0x000001572cb4a910 Uncommon trap: trap_request=0xffffff45 fr.pc=0x000001573be3725c relative=0x000000000000023c
Event: 0.450 Thread 0x000001572cb4a910 Uncommon trap: reason=unstable_if action=reinterpret pc=0x000001573be3725c method=java.lang.String.startsWith(Ljava/lang/String;I)Z @ 14 c2
Event: 0.450 Thread 0x000001572cb4a910 DEOPT PACKING pc=0x000001573be3725c sp=0x0000005113ffc7a0
Event: 0.450 Thread 0x000001572cb4a910 DEOPT UNPACKING pc=0x00000157343a23a3 sp=0x0000005113ffc700 mode 2

Classes unloaded (0 events):
No events

Classes redefined (0 events):
No events

Internal exceptions (4 events):
Event: 0.456 Thread 0x000001572cb4a910 Exception <a 'java/lang/ClassNotFoundException'{0x00000000897d8910}: org/apache/log4j/PatternLayoutBeanInfo> (0x00000000897d8910) 
thrown [t:\workspace\open\src\hotspot\share\classfile\systemDictionary.cpp, line 256]
Event: 0.456 Thread 0x000001572cb4a910 Exception <a 'java/lang/ClassNotFoundException'{0x00000000897dea48}: org/apache/log4j/LayoutBeanInfo> (0x00000000897dea48) 
thrown [t:\workspace\open\src\hotspot\share\classfile\systemDictionary.cpp, line 256]
Event: 0.456 Thread 0x000001572cb4a910 Exception <a 'java/lang/ClassNotFoundException'{0x00000000897df748}: java/lang/ObjectBeanInfo> (0x00000000897df748) 
thrown [t:\workspace\open\src\hotspot\share\classfile\systemDictionary.cpp, line 256]
Event: 0.459 Thread 0x000001572cb4a910 Exception <a 'java/lang/ClassNotFoundException'{0x00000000897e74c0}: java/lang/ObjectCustomizer> (0x00000000897e74c0) 
thrown [t:\workspace\open\src\hotspot\share\classfile\systemDictionary.cpp, line 256]

VM Operations (6 events):
Event: 0.300 Executing VM operation: HandshakeAllThreads
Event: 0.300 Executing VM operation: HandshakeAllThreads done
Event: 0.433 Executing VM operation: HandshakeAllThreads
Event: 0.433 Executing VM operation: HandshakeAllThreads done
Event: 0.436 Executing VM operation: HandshakeAllThreads
Event: 0.436 Executing VM operation: HandshakeAllThreads done

Events (20 events):
Event: 0.459 loading class com/sun/beans/util/Cache$Kind$Soft
Event: 0.460 loading class com/sun/beans/util/Cache$Ref
Event: 0.460 loading class com/sun/beans/util/Cache$Ref done
Event: 0.460 loading class com/sun/beans/util/Cache$Kind$Soft done
Event: 0.460 loading class com/sun/beans/introspect/MethodInfo
Event: 0.460 loading class com/sun/beans/introspect/MethodInfo done
Event: 0.460 loading class java/lang/PublicMethods
Event: 0.460 loading class java/lang/PublicMethods done
Event: 0.460 loading class java/util/LinkedHashMap$LinkedValues
Event: 0.460 loading class java/util/LinkedHashMap$LinkedValues done
Event: 0.460 loading class java/util/LinkedHashMap$LinkedValueIterator
Event: 0.460 loading class java/util/LinkedHashMap$LinkedValueIterator done
Event: 0.460 loading class com/sun/beans/introspect/MethodInfo$MethodOrder
Event: 0.460 loading class com/sun/beans/introspect/MethodInfo$MethodOrder done
Event: 0.460 loading class java/beans/MethodDescriptor
Event: 0.460 loading class java/beans/MethodDescriptor done
Event: 0.460 loading class java/beans/MethodRef
Event: 0.461 loading class java/beans/MethodRef done
Event: 0.461 loading class com/sun/beans/TypeResolver
Event: 0.461 loading class com/sun/beans/TypeResolver done


Dynamic libraries:
0x00007ff7d2fa0000 - 0x00007ff7d2fb0000 	C:\Program Files\Java\jdk-17\bin\javaw.exe
0x00007ff88ff10000 - 0x00007ff890105000 	C:\WINDOWS\SYSTEM32\ntdll.dll
0x00007ff88e490000 - 0x00007ff88e54e000 	C:\WINDOWS\System32\KERNEL32.DLL
0x00007ff88d870000 - 0x00007ff88db38000 	C:\WINDOWS\System32\KERNELBASE.dll
0x00007ff88de40000 - 0x00007ff88df40000 	C:\WINDOWS\System32\ucrtbase.dll
0x00007ff8854c0000 - 0x00007ff8854da000 	C:\Program Files\Java\jdk-17\bin\VCRUNTIME140.dll
0x00007ff885920000 - 0x00007ff885938000 	C:\Program Files\Java\jdk-17\bin\jli.dll
0x00007ff88fe20000 - 0x00007ff88fece000 	C:\WINDOWS\System32\ADVAPI32.dll
0x00007ff88f160000 - 0x00007ff88f1fe000 	C:\WINDOWS\System32\msvcrt.dll
0x00007ff88f960000 - 0x00007ff88f9fc000 	C:\WINDOWS\System32\sechost.dll
0x00007ff88fc10000 - 0x00007ff88fd35000 	C:\WINDOWS\System32\RPCRT4.dll
0x00007ff88e910000 - 0x00007ff88eab0000 	C:\WINDOWS\System32\USER32.dll
0x00007ff877a00000 - 0x00007ff877c9a000 	C:\WINDOWS\WinSxS\amd64_microsoft.windows.common-controls_6595b64144ccf1df_6.0.19041.1110_none_60b5254171f9507e\COMCTL32.dll
0x00007ff88df40000 - 0x00007ff88df62000 	C:\WINDOWS\System32\win32u.dll
0x00007ff88e090000 - 0x00007ff88e0bb000 	C:\WINDOWS\System32\GDI32.dll
0x00007ff88db40000 - 0x00007ff88dc4b000 	C:\WINDOWS\System32\gdi32full.dll
0x00007ff88dd10000 - 0x00007ff88ddad000 	C:\WINDOWS\System32\msvcp_win.dll
0x00007ff88c450000 - 0x00007ff88c45a000 	C:\WINDOWS\SYSTEM32\VERSION.dll
0x00007ff88df90000 - 0x00007ff88dfc0000 	C:\WINDOWS\System32\IMM32.DLL
0x00007ff889bd0000 - 0x00007ff889bdc000 	C:\Program Files\Java\jdk-17\bin\vcruntime140_1.dll
0x00007ff884170000 - 0x00007ff8841fd000 	C:\Program Files\Java\jdk-17\bin\msvcp140.dll
0x00007ff83bc50000 - 0x00007ff83c80e000 	C:\Program Files\Java\jdk-17\bin\server\jvm.dll
0x00007ff88ebc0000 - 0x00007ff88ebc8000 	C:\WINDOWS\System32\PSAPI.DLL
0x00007ff83bb00000 - 0x00007ff83bb09000 	C:\WINDOWS\SYSTEM32\WSOCK32.dll
0x00007ff87fa60000 - 0x00007ff87fa87000 	C:\WINDOWS\SYSTEM32\WINMM.dll
0x00007ff88eb50000 - 0x00007ff88ebbb000 	C:\WINDOWS\System32\WS2_32.dll
0x00007ff88c430000 - 0x00007ff88c442000 	C:\WINDOWS\SYSTEM32\kernel.appcore.dll
0x00007ff889b20000 - 0x00007ff889b2a000 	C:\Program Files\Java\jdk-17\bin\jimage.dll
0x00007ff886b80000 - 0x00007ff886d64000 	C:\WINDOWS\SYSTEM32\DBGHELP.DLL
0x00007ff886a90000 - 0x00007ff886abc000 	C:\WINDOWS\SYSTEM32\dbgcore.DLL
0x00007ff88ddb0000 - 0x00007ff88de32000 	C:\WINDOWS\System32\bcryptPrimitives.dll
0x00007ff8852c0000 - 0x00007ff8852e5000 	C:\Program Files\Java\jdk-17\bin\java.dll
0x00007ff86f380000 - 0x00007ff86f456000 	C:\Program Files\Java\jdk-17\bin\svml.dll
0x00007ff88f210000 - 0x00007ff88f954000 	C:\WINDOWS\System32\SHELL32.dll
0x00007ff88bc90000 - 0x00007ff88c424000 	C:\WINDOWS\SYSTEM32\windows.storage.dll
0x00007ff88e550000 - 0x00007ff88e8a4000 	C:\WINDOWS\System32\combase.dll
0x00007ff88cfc0000 - 0x00007ff88cfec000 	C:\WINDOWS\SYSTEM32\Wldp.dll
0x00007ff88e1f0000 - 0x00007ff88e29d000 	C:\WINDOWS\System32\SHCORE.dll
0x00007ff88fa00000 - 0x00007ff88fa55000 	C:\WINDOWS\System32\shlwapi.dll
0x00007ff88d570000 - 0x00007ff88d58f000 	C:\WINDOWS\SYSTEM32\profapi.dll
0x00007ff8872b0000 - 0x00007ff8872c0000 	C:\Program Files\Java\jdk-17\bin\verify.dll
0x00007ff884ec0000 - 0x00007ff884ed9000 	C:\Program Files\Java\jdk-17\bin\net.dll
0x00007ff8842d0000 - 0x00007ff8843d9000 	C:\WINDOWS\SYSTEM32\WINHTTP.dll
0x00007ff88cce0000 - 0x00007ff88cd4a000 	C:\WINDOWS\system32\mswsock.dll
0x00007ff884a90000 - 0x00007ff884aa5000 	C:\Program Files\Java\jdk-17\bin\nio.dll
0x00007ff884990000 - 0x00007ff8849a8000 	C:\Program Files\Java\jdk-17\bin\zip.dll

dbghelp: loaded successfully - version: 4.0.5 - missing functions: none
symbol engine: initialized successfully - sym options: 0x614 - pdb path: .;C:\Program Files\Java\jdk-17\bin;C:\WINDOWS\SYSTEM32;C:\WINDOWS\WinSxS\amd64_microsoft.windows.common-controls_6595b64144ccf1df_6.0.19041.1110_none_60b5254171f9507e;C:\Program Files\Java\jdk-17\bin\server

VM Arguments:
jvm_args: -Dfile.encoding=Cp1252 -XX:+ShowCodeDetailsInExceptionMessages 
java_command: ui3.Project4
java_class_path (initial): C:\Users\praka\eclipse-workspace\SeleniumTraining\target\test-classes;C:\Users\praka\eclipse-workspace\SeleniumTraining\target\classes;C:\Users\praka\Downloads\sikulixsetup-1.1.1.jar;C:\Users\praka\.m2\repository\org\seleniumhq\selenium\selenium-java\4.0.0-alpha-5\selenium-java-4.0.0-alpha-5.jar;C:\Users\praka\.m2\repository\org\seleniumhq\selenium\selenium-api\4.0.0-alpha-5\selenium-api-4.0.0-alpha-5.jar;C:\Users\praka\.m2\repository\org\seleniumhq\selenium\selenium-chrome-driver\4.0.0-alpha-5\selenium-chrome-driver-4.0.0-alpha-5.jar;C:\Users\praka\.m2\repository\com\google\auto\service\auto-service-annotations\1.0-rc6\auto-service-annotations-1.0-rc6.jar;C:\Users\praka\.m2\repository\com\google\auto\service\auto-service\1.0-rc6\auto-service-1.0-rc6.jar;C:\Users\praka\.m2\repository\com\google\auto\auto-common\0.10\auto-common-0.10.jar;C:\Users\praka\.m2\repository\com\google\guava\guava\28.2-jre\guava-28.2-jre.jar;C:\Users\praka\.m2\repository\com\google\guava\failureaccess\1.0.1\failureaccess-1.0.1.jar;C:\Users\praka\.m2\repository\com\google\guava\listenablefuture\9999.0-empty-to-avoid-conflict-with-guava\listenablefuture-9999.0-empty-to-avoid-conflict-with-guava.jar;C:\Users\praka\.m2\repository\org\checkerframework\checker-qual\2.10.0\checker-qual-2.10.0.jar;C:\Users\praka\.m2\repository\com\google\errorprone\error_prone_annotations\2.3.4\error_prone_annotations-2.3.4.jar;C:\Users\praka\.m2\repository\com\google\j2objc\j2objc-annotations\1.3\j2objc-annotations-1.3.jar;C:\Users\praka\.m2\repository\org\seleniumhq\selenium\selenium-chromium-driver\4.0.0-alpha-5\selenium-chromium-driver-4.0.0-alpha-5.jar;C:\Users\praka\.m2\repository\org\seleniumhq\selenium\selenium-devtools\4.0.0-alpha-5\selenium-devtools-4.0.0-alpha-5.jar;C:\Users\praka\.m2\repository\org\seleniumhq\selenium\selenium-http\4.0.0-alpha-5\selenium-http-4.0.0-alpha-5.jar;C:\Users\praka\.m2\repository\org\seleniumhq\selenium\selenium-json\4.0.0-alpha-5\selenium-json-4.0.
Launcher Type: SUN_STANDARD

[Global flags]
     intx CICompilerCount                          = 4                                         {product} {ergonomic}
     uint ConcGCThreads                            = 2                                         {product} {ergonomic}
     uint G1ConcRefinementThreads                  = 8                                         {product} {ergonomic}
   size_t G1HeapRegionSize                         = 1048576                                   {product} {ergonomic}
    uintx GCDrainStackTargetSize                   = 64                                        {product} {ergonomic}
   size_t InitialHeapSize                          = 134217728                                 {product} {ergonomic}
   size_t MarkStackSize                            = 4194304                                   {product} {ergonomic}
   size_t MaxHeapSize                              = 2116026368                                {product} {ergonomic}
   size_t MaxNewSize                               = 1268776960                                {product} {ergonomic}
   size_t MinHeapDeltaBytes                        = 1048576                                   {product} {ergonomic}
   size_t MinHeapSize                              = 8388608                                   {product} {ergonomic}
    uintx NonNMethodCodeHeapSize                   = 5839372                                {pd product} {ergonomic}
    uintx NonProfiledCodeHeapSize                  = 122909434                              {pd product} {ergonomic}
    uintx ProfiledCodeHeapSize                     = 122909434                              {pd product} {ergonomic}
    uintx ReservedCodeCacheSize                    = 251658240                              {pd product} {ergonomic}
     bool SegmentedCodeCache                       = true                                      {product} {ergonomic}
     bool ShowCodeDetailsInExceptionMessages       = true                                   {manageable} {command line}
   size_t SoftMaxHeapSize                          = 2116026368                             {manageable} {ergonomic}
     bool UseCompressedClassPointers               = true                           {product lp64_product} {ergonomic}
     bool UseCompressedOops                        = true                           {product lp64_product} {ergonomic}
     bool UseG1GC                                  = true                                      {product} {ergonomic}
     bool UseLargePagesIndividualAllocation        = false                                  {pd product} {ergonomic}

Logging:
Log output configuration:
 #0: stdout all=warning uptime,level,tags
 #1: stderr all=off uptime,level,tags

Environment Variables:
JAVA_HOME=C:\Program Files\Java\jdk-17
PATH=C:\Program Files\Common Files\Oracle\Java\javapath;C:\Users\praka\Downloads\WINDOWS.X64_193000_db_home\bin;C:\WINDOWS\system32;C:\WINDOWS;C:\WINDOWS\System32\Wbem;C:\WINDOWS\System32\WindowsPowerShell\v1.0\;C:\WINDOWS\System32\OpenSSH\;C:\Program Files (x86)\Intel\Intel(R) Management Engine Components\DAL;C:\Program Files\Intel\Intel(R) Management Engine Components\DAL;C:\Program Files\Microsoft SQL Server\130\Tools\Binn\;C:\MinGW\bin;C:\Program Files\Java\jdk-17\bin;C:\Users\praka\Downloads\apache-maven-3.8.4-bin.zip;C:\Users\praka\Downloads\edgedriver_win64.zip;C:\Users\praka\AppData\Local\Mozilla Firefox\;C:\Program Files\Google\Chrome Beta\Application\;C:\Users\praka\AppData\Local\Microsoft\WindowsApps;C:\Users\praka\AppData\Local\Programs\Microsoft VS Code\bin;C:\cygwin64\bin\;
USERNAME=praka
OS=Windows_NT
PROCESSOR_IDENTIFIER=Intel64 Family 6 Model 142 Stepping 12, GenuineIntel



---------------  S Y S T E M  ---------------

OS:
 Windows 10 , 64 bit Build 19041 (10.0.19041.1566)
OS uptime: 1 days 16:30 hours
Hyper-V role detected

CPU: total 8 (initial active 8) (4 cores per cpu, 2 threads per core) family 6 model 142 stepping 12 microcode 0xea, cx8, cmov, fxsr, ht, mmx, 3dnowpref, sse, sse2, sse3, ssse3, sse4.1, sse4.2, popcnt, lzcnt, tsc, tscinvbit, avx, avx2, aes, erms, clmul, bmi1, bmi2, adx, fma, vzeroupper, clflush, clflushopt, hv

Memory: 4k page, system-wide physical 8064M (1659M free)
TotalPageFile size 32318M (AvailPageFile size 3M)
current process WorkingSet (physical memory assigned to process): 43M, peak: 43M
current process commit charge ("private bytes"): 216M, peak: 216M

vm_info: Java HotSpot(TM) 64-Bit Server VM (17+35-LTS-2724) for windows-amd64 JRE (17+35-LTS-2724), built on Aug  5 2021 23:28:28 by "mach5one" with MS VC++ 16.8 (VS2019)

END.
