#
# There is insufficient memory for the Java Runtime Environment to continue.
# Native memory allocation (mmap) failed to map 134217728 bytes for G1 virtual space
# Possible reasons:
#   The system is out of physical RAM or swap space
#   The process is running with CompressedOops enabled, and the Java Heap may be blocking the growth of the native heap
# Possible solutions:
#   Reduce memory load on the system
#   Increase physical memory or swap space
#   Check if swap backing store is full
#   Decrease Java heap size (-Xmx/-Xms)
#   Decrease number of Java threads
#   Decrease Java thread stack sizes (-Xss)
#   Set larger code cache with -XX:ReservedCodeCacheSize=
#   JVM is running with Unscaled Compressed Oops mode in which the Java heap is
#     placed in the first 4GB address space. The Java Heap base address is the
#     maximum limit for the native heap growth. Please use -XX:HeapBaseMinAddress
#     to set the Java Heap base and to place the Java Heap above 4GB virtual address.
# This output file may be truncated or incomplete.
#
#  Out of Memory Error (os_windows.cpp:3469), pid=32420, tid=24676
#
# JRE version:  (17.0+35) (build )
# Java VM: Java HotSpot(TM) 64-Bit Server VM (17+35-LTS-2724, mixed mode, sharing, tiered, compressed oops, compressed class ptrs, g1 gc, windows-amd64)
# No core dump will be written. Minidumps are not enabled by default on client versions of Windows
#

---------------  S U M M A R Y ------------

Command Line: -Dfile.encoding=Cp1252 -XX:+ShowCodeDetailsInExceptionMessages ui3.Project4

Host: Intel(R) Core(TM) i5-8265U CPU @ 1.60GHz, 8 cores, 7G,  Windows 10 , 64 bit Build 19041 (10.0.19041.1566)
Time: Sat Mar 12 14:10:37 2022 Eastern Standard Time elapsed time: 0.016610 seconds (0d 0h 0m 0s)

---------------  T H R E A D  ---------------

Current thread (0x0000019cca1ea2d0):  JavaThread "Unknown thread" [_thread_in_vm, id=24676, stack(0x000000831f300000,0x000000831f400000)]

Stack: [0x000000831f300000,0x000000831f400000]
Native frames: (J=compiled Java code, j=interpreted, Vv=VM code, C=native code)
V  [jvm.dll+0x66f8ea]
V  [jvm.dll+0x7ce224]
V  [jvm.dll+0x7cf9ce]
V  [jvm.dll+0x7d0033]
V  [jvm.dll+0x242bb5]
V  [jvm.dll+0x66c909]
V  [jvm.dll+0x6613d2]
V  [jvm.dll+0x30082b]
V  [jvm.dll+0x307db6]
V  [jvm.dll+0x357a0e]
V  [jvm.dll+0x357c3f]
V  [jvm.dll+0x2d7ae8]
V  [jvm.dll+0x2d8a54]
V  [jvm.dll+0x7a00a1]
V  [jvm.dll+0x365781]
V  [jvm.dll+0x77f59c]
V  [jvm.dll+0x3e805f]
V  [jvm.dll+0x3e9b01]
C  [jli.dll+0x527b]
C  [ucrtbase.dll+0x21bb2]
C  [KERNEL32.DLL+0x17034]
C  [ntdll.dll+0x52651]


---------------  P R O C E S S  ---------------

Threads class SMR info:
_java_thread_list=0x00007ff83c6e7818, length=0, elements={
}

Java Threads: ( => current thread )

Other Threads:
  0x0000019cca229010 GCTaskThread "GC Thread#0" [stack: 0x000000831f400000,0x000000831f500000] [id=27324]
  0x0000019cca23aab0 ConcurrentGCThread "G1 Main Marker" [stack: 0x000000831f500000,0x000000831f600000] [id=32000]
  0x0000019cca23bb70 ConcurrentGCThread "G1 Conc#0" [stack: 0x000000831f600000,0x000000831f700000] [id=8092]

[error occurred during error reporting (printing all threads), id 0xc0000005, EXCEPTION_ACCESS_VIOLATION (0xc0000005) at pc=0x00007ff83bf384c7]

VM state: not at safepoint (not fully initialized)

VM Mutex/Monitor currently owned by a thread:  ([mutex/lock_event])
[0x0000019cca1e61b0] Heap_lock - owner thread: 0x0000019cca1ea2d0

Heap address: 0x0000000081e00000, size: 2018 MB, Compressed Oops mode: 32-bit

CDS archive(s) mapped at: [0x0000000000000000-0x0000000000000000-0x0000000000000000), size 0, SharedBaseAddress: 0x0000000800000000, ArchiveRelocationMode: 0.
Narrow klass base: 0x0000000000000000, Narrow klass shift: 0, Narrow klass range: 0x0

GC Precious Log:
<Empty>

Heap:
 garbage-first heap   total 0K, used 0K [0x0000000081e00000, 0x0000000100000000)
  region size 1024K, 0 young (0K), 0 survivors (0K)

[error occurred during error reporting (printing heap information), id 0xc0000005, EXCEPTION_ACCESS_VIOLATION (0xc0000005) at pc=0x00007ff83c318c59]

GC Heap History (0 events):
No events

Deoptimization events (0 events):
No events

Classes unloaded (0 events):
No events

Classes redefined (0 events):
No events

Internal exceptions (0 events):
No events

VM Operations (0 events):
No events

Events (1 events):
Event: 0.011 Loaded shared library C:\Program Files\Java\jdk-17\bin\java.dll


Dynamic libraries:
0x00007ff7d2fa0000 - 0x00007ff7d2fb0000 	C:\Program Files\Java\jdk-17\bin\javaw.exe
0x00007ff88ff10000 - 0x00007ff890105000 	C:\WINDOWS\SYSTEM32\ntdll.dll
0x00007ff88e490000 - 0x00007ff88e54e000 	C:\WINDOWS\System32\KERNEL32.DLL
0x00007ff88d870000 - 0x00007ff88db38000 	C:\WINDOWS\System32\KERNELBASE.dll
0x00007ff88de40000 - 0x00007ff88df40000 	C:\WINDOWS\System32\ucrtbase.dll
0x00007ff8854c0000 - 0x00007ff8854da000 	C:\Program Files\Java\jdk-17\bin\VCRUNTIME140.dll
0x00007ff885920000 - 0x00007ff885938000 	C:\Program Files\Java\jdk-17\bin\jli.dll
0x00007ff88fe20000 - 0x00007ff88fece000 	C:\WINDOWS\System32\ADVAPI32.dll
0x00007ff88f160000 - 0x00007ff88f1fe000 	C:\WINDOWS\System32\msvcrt.dll
0x00007ff88f960000 - 0x00007ff88f9fc000 	C:\WINDOWS\System32\sechost.dll
0x00007ff88fc10000 - 0x00007ff88fd35000 	C:\WINDOWS\System32\RPCRT4.dll
0x00007ff88e910000 - 0x00007ff88eab0000 	C:\WINDOWS\System32\USER32.dll
0x00007ff877a00000 - 0x00007ff877c9a000 	C:\WINDOWS\WinSxS\amd64_microsoft.windows.common-controls_6595b64144ccf1df_6.0.19041.1110_none_60b5254171f9507e\COMCTL32.dll
0x00007ff88df40000 - 0x00007ff88df62000 	C:\WINDOWS\System32\win32u.dll
0x00007ff88e090000 - 0x00007ff88e0bb000 	C:\WINDOWS\System32\GDI32.dll
0x00007ff88db40000 - 0x00007ff88dc4b000 	C:\WINDOWS\System32\gdi32full.dll
0x00007ff88dd10000 - 0x00007ff88ddad000 	C:\WINDOWS\System32\msvcp_win.dll
0x00007ff88c450000 - 0x00007ff88c45a000 	C:\WINDOWS\SYSTEM32\VERSION.dll
0x00007ff88df90000 - 0x00007ff88dfc0000 	C:\WINDOWS\System32\IMM32.DLL
0x00007ff889bd0000 - 0x00007ff889bdc000 	C:\Program Files\Java\jdk-17\bin\vcruntime140_1.dll
0x00007ff884170000 - 0x00007ff8841fd000 	C:\Program Files\Java\jdk-17\bin\msvcp140.dll
0x00007ff83bc50000 - 0x00007ff83c80e000 	C:\Program Files\Java\jdk-17\bin\server\jvm.dll
0x00007ff88ebc0000 - 0x00007ff88ebc8000 	C:\WINDOWS\System32\PSAPI.DLL
0x00007ff83bb00000 - 0x00007ff83bb09000 	C:\WINDOWS\SYSTEM32\WSOCK32.dll
0x00007ff87fa60000 - 0x00007ff87fa87000 	C:\WINDOWS\SYSTEM32\WINMM.dll
0x00007ff88eb50000 - 0x00007ff88ebbb000 	C:\WINDOWS\System32\WS2_32.dll
0x00007ff88c430000 - 0x00007ff88c442000 	C:\WINDOWS\SYSTEM32\kernel.appcore.dll
0x00007ff889b20000 - 0x00007ff889b2a000 	C:\Program Files\Java\jdk-17\bin\jimage.dll
0x00007ff886b80000 - 0x00007ff886d64000 	C:\WINDOWS\SYSTEM32\DBGHELP.DLL
0x00007ff886a90000 - 0x00007ff886abc000 	C:\WINDOWS\SYSTEM32\dbgcore.DLL
0x00007ff88ddb0000 - 0x00007ff88de32000 	C:\WINDOWS\System32\bcryptPrimitives.dll
0x00007ff8852c0000 - 0x00007ff8852e5000 	C:\Program Files\Java\jdk-17\bin\java.dll

dbghelp: loaded successfully - version: 4.0.5 - missing functions: none
symbol engine: initialized successfully - sym options: 0x614 - pdb path: .;C:\Program Files\Java\jdk-17\bin;C:\WINDOWS\SYSTEM32;C:\WINDOWS\WinSxS\amd64_microsoft.windows.common-controls_6595b64144ccf1df_6.0.19041.1110_none_60b5254171f9507e;C:\Program Files\Java\jdk-17\bin\server

VM Arguments:
jvm_args: -Dfile.encoding=Cp1252 -XX:+ShowCodeDetailsInExceptionMessages 
java_command: ui3.Project4
java_class_path (initial): C:\Users\praka\eclipse-workspace\SeleniumTraining\target\test-classes;C:\Users\praka\eclipse-workspace\SeleniumTraining\target\classes;C:\Users\praka\Downloads\sikulixsetup-1.1.1.jar;C:\Users\praka\.m2\repository\org\seleniumhq\selenium\selenium-java\4.0.0-alpha-5\selenium-java-4.0.0-alpha-5.jar;C:\Users\praka\.m2\repository\org\seleniumhq\selenium\selenium-api\4.0.0-alpha-5\selenium-api-4.0.0-alpha-5.jar;C:\Users\praka\.m2\repository\org\seleniumhq\selenium\selenium-chrome-driver\4.0.0-alpha-5\selenium-chrome-driver-4.0.0-alpha-5.jar;C:\Users\praka\.m2\repository\com\google\auto\service\auto-service-annotations\1.0-rc6\auto-service-annotations-1.0-rc6.jar;C:\Users\praka\.m2\repository\com\google\auto\service\auto-service\1.0-rc6\auto-service-1.0-rc6.jar;C:\Users\praka\.m2\repository\com\google\auto\auto-common\0.10\auto-common-0.10.jar;C:\Users\praka\.m2\repository\com\google\guava\guava\28.2-jre\guava-28.2-jre.jar;C:\Users\praka\.m2\repository\com\google\guava\failureaccess\1.0.1\failureaccess-1.0.1.jar;C:\Users\praka\.m2\repository\com\google\guava\listenablefuture\9999.0-empty-to-avoid-conflict-with-guava\listenablefuture-9999.0-empty-to-avoid-conflict-with-guava.jar;C:\Users\praka\.m2\repository\org\checkerframework\checker-qual\2.10.0\checker-qual-2.10.0.jar;C:\Users\praka\.m2\repository\com\google\errorprone\error_prone_annotations\2.3.4\error_prone_annotations-2.3.4.jar;C:\Users\praka\.m2\repository\com\google\j2objc\j2objc-annotations\1.3\j2objc-annotations-1.3.jar;C:\Users\praka\.m2\repository\org\seleniumhq\selenium\selenium-chromium-driver\4.0.0-alpha-5\selenium-chromium-driver-4.0.0-alpha-5.jar;C:\Users\praka\.m2\repository\org\seleniumhq\selenium\selenium-devtools\4.0.0-alpha-5\selenium-devtools-4.0.0-alpha-5.jar;C:\Users\praka\.m2\repository\org\seleniumhq\selenium\selenium-http\4.0.0-alpha-5\selenium-http-4.0.0-alpha-5.jar;C:\Users\praka\.m2\repository\org\seleniumhq\selenium\selenium-json\4.0.0-alpha-5\selenium-json-4.0.
Launcher Type: SUN_STANDARD

[Global flags]
     intx CICompilerCount                          = 4                                         {product} {ergonomic}
     uint ConcGCThreads                            = 2                                         {product} {ergonomic}
     uint G1ConcRefinementThreads                  = 8                                         {product} {ergonomic}
   size_t G1HeapRegionSize                         = 1048576                                   {product} {ergonomic}
    uintx GCDrainStackTargetSize                   = 64                                        {product} {ergonomic}
   size_t InitialHeapSize                          = 134217728                                 {product} {ergonomic}
   size_t MarkStackSize                            = 4194304                                   {product} {ergonomic}
   size_t MaxHeapSize                              = 2116026368                                {product} {ergonomic}
   size_t MinHeapDeltaBytes                        = 1048576                                   {product} {ergonomic}
   size_t MinHeapSize                              = 8388608                                   {product} {ergonomic}
    uintx NonNMethodCodeHeapSize                   = 5839372                                {pd product} {ergonomic}
    uintx NonProfiledCodeHeapSize                  = 122909434                              {pd product} {ergonomic}
    uintx ProfiledCodeHeapSize                     = 122909434                              {pd product} {ergonomic}
    uintx ReservedCodeCacheSize                    = 251658240                              {pd product} {ergonomic}
     bool SegmentedCodeCache                       = true                                      {product} {ergonomic}
     bool ShowCodeDetailsInExceptionMessages       = true                                   {manageable} {command line}
   size_t SoftMaxHeapSize                          = 2116026368                             {manageable} {ergonomic}
     bool UseCompressedClassPointers               = true                           {product lp64_product} {ergonomic}
     bool UseCompressedOops                        = true                           {product lp64_product} {ergonomic}
     bool UseG1GC                                  = true                                      {product} {ergonomic}
     bool UseLargePagesIndividualAllocation        = false                                  {pd product} {ergonomic}

Logging:
Log output configuration:
 #0: stdout all=warning uptime,level,tags
 #1: stderr all=off uptime,level,tags

Environment Variables:
JAVA_HOME=C:\Program Files\Java\jdk-17
PATH=C:\Program Files\Common Files\Oracle\Java\javapath;C:\Users\praka\Downloads\WINDOWS.X64_193000_db_home\bin;C:\WINDOWS\system32;C:\WINDOWS;C:\WINDOWS\System32\Wbem;C:\WINDOWS\System32\WindowsPowerShell\v1.0\;C:\WINDOWS\System32\OpenSSH\;C:\Program Files (x86)\Intel\Intel(R) Management Engine Components\DAL;C:\Program Files\Intel\Intel(R) Management Engine Components\DAL;C:\Program Files\Microsoft SQL Server\130\Tools\Binn\;C:\MinGW\bin;C:\Program Files\Java\jdk-17\bin;C:\Users\praka\Downloads\apache-maven-3.8.4-bin.zip;C:\Users\praka\Downloads\edgedriver_win64.zip;C:\Users\praka\AppData\Local\Mozilla Firefox\;C:\Program Files\Google\Chrome Beta\Application\;C:\Users\praka\AppData\Local\Microsoft\WindowsApps;C:\Users\praka\AppData\Local\Programs\Microsoft VS Code\bin;C:\cygwin64\bin\;
USERNAME=praka
OS=Windows_NT
PROCESSOR_IDENTIFIER=Intel64 Family 6 Model 142 Stepping 12, GenuineIntel



---------------  S Y S T E M  ---------------

OS:
 Windows 10 , 64 bit Build 19041 (10.0.19041.1566)
OS uptime: 1 days 14:00 hours
Hyper-V role detected

CPU: total 8 (initial active 8) (4 cores per cpu, 2 threads per core) family 6 model 142 stepping 12 microcode 0xea, cx8, cmov, fxsr, ht, mmx, 3dnowpref, sse, sse2, sse3, ssse3, sse4.1, sse4.2, popcnt, lzcnt, tsc, tscinvbit, avx, avx2, aes, erms, clmul, bmi1, bmi2, adx, fma, vzeroupper, clflush, clflushopt, hv

Memory: 4k page, system-wide physical 8064M (1441M free)
TotalPageFile size 31643M (AvailPageFile size 102M)
current process WorkingSet (physical memory assigned to process): 10M, peak: 10M
current process commit charge ("private bytes"): 60M, peak: 188M

vm_info: Java HotSpot(TM) 64-Bit Server VM (17+35-LTS-2724) for windows-amd64 JRE (17+35-LTS-2724), built on Aug  5 2021 23:28:28 by "mach5one" with MS VC++ 16.8 (VS2019)

END.
